<?xml version="1.0" encoding="UTF-8"?>
<!-- Generated by org.testng.reporters.JUnitXMLReporter -->
<testsuite ignored="0" hostname="BHANU" failures="1" tests="1" name="Test" time="32.069" errors="0" timestamp="2024-05-01T18:56:48 IST">
  <testcase classname="test_Cases.TC2_Login_Test" name="login_Test" time="12.284">
    <failure type="java.lang.AssertionError" message="null">
      <![CDATA[java.lang.AssertionError: null
at test_Cases.TC2_Login_Test.login_Test(TC2_Login_Test.java:39)
at java.base/java.util.ArrayList.forEach(ArrayList.java:1511)
... Removed 29 stack frames]]>
    </failure>
  </testcase> <!-- login_Test -->
</testsuite> <!-- Test -->
