<?xml version="1.0" encoding="UTF-8"?>
<testng-results ignored="0" total="2" passed="2" failed="0" skipped="0">
  <reporter-output>
  </reporter-output>
  <suite started-at="2024-02-28T13:32:13 IST" name="Suite" finished-at="2024-02-28T13:32:56 IST" duration-ms="43265">
    <groups>
    </groups>
    <test started-at="2024-02-28T13:32:13 IST" name="Test" finished-at="2024-02-28T13:32:56 IST" duration-ms="43265">
      <class name="test_Cases.TC2_Login_Test">
        <test-method is-config="true" signature="setup(java.lang.String,java.lang.String)[pri:0, instance:test_Cases.TC2_Login_Test@1530c739]" started-at="2024-02-28T13:32:48 IST" name="setup" finished-at="2024-02-28T13:32:53 IST" duration-ms="4670" status="PASS">
          <params>
            <param index="0">
              <value>
                <![CDATA[windows]]>
              </value>
            </param>
            <param index="1">
              <value>
                <![CDATA[chrome]]>
              </value>
            </param>
          </params>
          <reporter-output>
          </reporter-output>
        </test-method> <!-- setup -->
        <test-method signature="login_Test()[pri:0, instance:test_Cases.TC2_Login_Test@1530c739]" started-at="2024-02-28T13:32:53 IST" name="login_Test" finished-at="2024-02-28T13:32:56 IST" duration-ms="3274" status="PASS">
          <reporter-output>
          </reporter-output>
        </test-method> <!-- login_Test -->
        <test-method is-config="true" signature="tearDown()[pri:0, instance:test_Cases.TC2_Login_Test@1530c739]" started-at="2024-02-28T13:32:56 IST" name="tearDown" finished-at="2024-02-28T13:32:56 IST" duration-ms="133" status="PASS">
          <reporter-output>
          </reporter-output>
        </test-method> <!-- tearDown -->
      </class> <!-- test_Cases.TC2_Login_Test -->
      <class name="test_Cases.TestCase_Registration">
        <test-method is-config="true" signature="setup(java.lang.String,java.lang.String)[pri:0, instance:test_Cases.TestCase_Registration@6d4d66d2]" started-at="2024-02-28T13:32:13 IST" name="setup" finished-at="2024-02-28T13:32:29 IST" duration-ms="15583" status="PASS">
          <params>
            <param index="0">
              <value>
                <![CDATA[windows]]>
              </value>
            </param>
            <param index="1">
              <value>
                <![CDATA[chrome]]>
              </value>
            </param>
          </params>
          <reporter-output>
          </reporter-output>
        </test-method> <!-- setup -->
        <test-method signature="test_Registration()[pri:0, instance:test_Cases.TestCase_Registration@6d4d66d2]" started-at="2024-02-28T13:32:29 IST" name="test_Registration" finished-at="2024-02-28T13:32:48 IST" duration-ms="19094" status="PASS">
          <reporter-output>
          </reporter-output>
        </test-method> <!-- test_Registration -->
        <test-method is-config="true" signature="tearDown()[pri:0, instance:test_Cases.TestCase_Registration@6d4d66d2]" started-at="2024-02-28T13:32:48 IST" name="tearDown" finished-at="2024-02-28T13:32:48 IST" duration-ms="174" status="PASS">
          <reporter-output>
          </reporter-output>
        </test-method> <!-- tearDown -->
      </class> <!-- test_Cases.TestCase_Registration -->
    </test> <!-- Test -->
  </suite> <!-- Suite -->
</testng-results>
